220411-03:44:58 [INFO] -- 
220411-03:44:58 [INFO] -- 
220411-03:44:58 [INFO] -- ============================================================
220411-03:44:58 [INFO] -- SLCStarter: Application Starting...
220411-03:44:59 [INFO] -- timer: starting...
220411-03:44:59 [INFO] -- OctopusCardReaderDriver: starting...
220411-03:44:59 [INFO] -- LockerDriver: starting...
220411-03:44:59 [INFO] -- TouchDisplayHandler: starting...
220411-03:44:59 [INFO] -- BarcodeReaderDriver: starting...
220411-03:44:59 [INFO] -- SLC: starting...
220411-03:44:59 [INFO] -- TouchDisplayHandler: loading fxml: TouchDisplayEmulator.fxml
220411-03:44:59 [INFO] -- Connected to server.
220411-03:45:00 [INFO] -- Poll: TimesUp 33440 0
220411-03:45:00 [INFO] -- Checking for thread list (length: 0)...
220411-03:45:00 [INFO] -- PollAck: TouchDisplayHandler is up!
220411-03:45:00 [INFO] -- PollAck: OctopusCardReaderDriver is up!
220411-03:45:00 [INFO] -- PollAck: BarcodeReaderDriver is up!
220411-03:45:00 [INFO] -- PollAck: LockerDriver is up!
220411-03:45:00 [INFO] -- PollAck: SLSvrHandler is up!
220411-03:45:01 [INFO] -- MouseCLicked: 634 190
220411-03:45:01 [INFO] -- TouchDisplayHandler: update display -- Main_Menu
220411-03:45:01 [INFO] -- TouchDisplayHandler: loading fxml: TouchDisplayMainMenu.fxml
220411-03:45:02 [INFO] -- MouseCLicked: 428 305
220411-03:45:02 [INFO] -- TouchDisplayHandler: update display -- Enter_Passcode
220411-03:45:02 [INFO] -- TouchDisplayHandler: loading fxml: TouchDisplayEnterPasscode.fxml
220411-03:45:03 [INFO] -- MouseCLicked: 534 143
220411-03:45:03 [INFO] -- TouchDisplayHandler: update display -- Payment,286380
220411-03:45:03 [INFO] -- TouchDisplayHandler: loading fxml: TouchDisplayPayment.fxml
220411-03:45:03 [INFO] -- MouseCLicked: 534 143
220411-03:45:03 [INFO] -- MouseCLicked: 532 147
220411-03:45:06 [INFO] -- Poll: TimesUp 49439 0
220411-03:45:06 [INFO] -- Checking for thread list (length: 0)...
220411-03:45:06 [INFO] -- PollAck: LockerDriver is up!
220411-03:45:06 [INFO] -- PollAck: BarcodeReaderDriver is up!
220411-03:45:06 [INFO] -- PollAck: TouchDisplayHandler is up!
220411-03:45:06 [INFO] -- PollAck: SLSvrHandler is up!
220411-03:45:11 [INFO] -- 
220411-03:45:11 [INFO] -- 
220411-03:45:11 [INFO] -- ============================================================
220411-03:45:11 [INFO] -- SLCStarter: Application Stopping...
220411-03:45:11 [INFO] -- timer: received terminate!
220411-03:45:11 [INFO] -- TouchDisplayHandler: terminating...
220411-03:45:11 [INFO] -- SLSvrHandler: terminating...
220411-03:45:11 [INFO] -- SLC: terminating...
220411-03:45:11 [INFO] -- LockerDriver: terminating...
220411-03:45:11 [INFO] -- BarcodeReaderDriver: terminating...
220411-03:45:11 [INFO] -- timer: terminating...
