220410-18:23:53 [INFO] -- 
220410-18:23:53 [INFO] -- 
220410-18:23:53 [INFO] -- ============================================================
220410-18:23:53 [INFO] -- SLSvrStarter: Application Starting...
220410-18:23:54 [INFO] -- timer: starting...
220410-18:23:54 [INFO] -- SLSvr: starting...
220410-18:23:54 [INFO] -- SLSvr: running...
220410-18:23:55 [INFO] -- 127.0.0.1 is connected.
220410-18:24:00 [INFO] -- Request system diagnostic for locker #HKGLK01
220410-18:24:00 [WARNING] -- Request system diagnostic fail. Locker #HKGLK02 is disconnected.
220410-18:24:00 [WARNING] -- Request system diagnostic fail. Locker #HKGLK03 is disconnected.
220410-18:24:03 [INFO] -- Add package #4107-7014 to locker location #HKGLK01 success.
220410-18:24:06 [INFO] -- Request system diagnostic for locker #HKGLK01
220410-18:24:06 [WARNING] -- Request system diagnostic fail. Locker #HKGLK02 is disconnected.
220410-18:24:06 [WARNING] -- Request system diagnostic fail. Locker #HKGLK03 is disconnected.
220410-18:24:12 [INFO] -- verifyBarcode: Success. Verified barcode #4107-7014 for locker #HKGLK01
220410-18:24:12 [INFO] -- SetArrivalTime: Success. Received arrival time for package #4107-7014
220410-18:24:12 [INFO] -- SetPasscode: Success. Received passcode #62207298 for package #4107-7014
220410-18:24:12 [INFO] -- Request system diagnostic for locker #HKGLK01
220410-18:24:12 [WARNING] -- Request system diagnostic fail. Locker #HKGLK02 is disconnected.
220410-18:24:12 [WARNING] -- Request system diagnostic fail. Locker #HKGLK03 is disconnected.
220410-18:24:18 [INFO] -- 127.0.0.1 is disconnected.
220410-18:24:18 [WARNING] -- Request system diagnostic fail. Locker #HKGLK01 is disconnected.
220410-18:24:18 [WARNING] -- Request system diagnostic fail. Locker #HKGLK02 is disconnected.
220410-18:24:18 [WARNING] -- Request system diagnostic fail. Locker #HKGLK03 is disconnected.
220410-18:24:18 [INFO] -- 
220410-18:24:18 [INFO] -- 
220410-18:24:18 [INFO] -- ============================================================
220410-18:24:18 [INFO] -- SLSvrStarter: Application Stopping...
220410-18:24:18 [INFO] -- SLSvr: terminating...
220410-18:24:18 [INFO] -- SLSvr terminated.
